2023-08-24 09:28:04.762 - [] - [main] INFO  cn.hsa.its.ItsFormDesignerApplication.logStarting(50) - Starting ItsFormDesignerApplication on windows电脑 with PID 29888 (C:\Users\powersi\Desktop\its-form-designer-develop\hsa-main-generic\target\classes started by powersi in C:\Users\powersi\Desktop\its-form-designer-develop)
2023-08-24 09:28:04.765 - [] - [main] DEBUG cn.hsa.its.ItsFormDesignerApplication.logStarting(53) - Running with Spring Boot v2.0.9.RELEASE, Spring v5.0.13.RELEASE
2023-08-24 09:28:04.766 - [] - [main] INFO  cn.hsa.its.ItsFormDesignerApplication.logStartupProfileInfo(658) - The following profiles are active: local
2023-08-24 09:28:04.810 - [] - [main] INFO  o.s.b.w.s.c.AnnotationConfigServletWebServerApplicationContext.prepareRefresh(592) - Refreshing org.springframework.boot.web.servlet.context.AnnotationConfigServletWebServerApplicationContext@4097cac: startup date [Thu Aug 24 09:28:04 CST 2023]; root of context hierarchy
2023-08-24 09:28:05.410 - [] - [main] INFO  o.s.beans.factory.xml.XmlBeanDefinitionReader.loadBeanDefinitions(317) - Loading XML bean definitions from URL [file:/C:/Users/powersi/Desktop/its-form-designer-develop/hsa-main-generic/target/classes/config/spring.xml]
2023-08-24 09:28:05.486 - [] - [main] INFO  o.s.beans.factory.xml.XmlBeanDefinitionReader.loadBeanDefinitions(317) - Loading XML bean definitions from class path resource [config/db/db.xml]
2023-08-24 09:28:05.682 - [] - [main] INFO  o.s.d.r.config.RepositoryConfigurationDelegate.multipleStoresDetected(172) - Multiple Spring Data modules found, entering strict repository configuration mode!
2023-08-24 09:28:05.749 - [] - [main] INFO  o.s.b.factory.support.DefaultListableBeanFactory.registerBeanDefinition(824) - Overriding bean definition for bean 'org.springframework.transaction.config.internalTransactionAdvisor' with a different definition: replacing [Root bean: class [org.springframework.transaction.interceptor.BeanFactoryTransactionAttributeSourceAdvisor]; scope=; abstract=false; lazyInit=false; autowireMode=0; dependencyCheck=0; autowireCandidate=true; primary=false; factoryBeanName=null; factoryMethodName=null; initMethodName=null; destroyMethodName=null] with [Root bean: class [null]; scope=; abstract=false; lazyInit=false; autowireMode=3; dependencyCheck=0; autowireCandidate=true; primary=false; factoryBeanName=org.springframework.transaction.annotation.ProxyTransactionManagementConfiguration; factoryMethodName=transactionAdvisor; initMethodName=null; destroyMethodName=(inferred); defined in class path resource [org/springframework/transaction/annotation/ProxyTransactionManagementConfiguration.class]]
2023-08-24 09:28:05.750 - [] - [main] INFO  o.s.c.a.ConfigurationClassBeanDefinitionReader.isOverriddenByExistingDefinition(307) - Skipping bean definition for [BeanMethod:name=transactionalEventListenerFactory,declaringClass=org.springframework.transaction.annotation.AbstractTransactionManagementConfiguration]: a definition for bean 'org.springframework.transaction.config.internalTransactionalEventListenerFactory' already exists. This top-level bean definition is considered as an override.
2023-08-24 09:28:06.045 - [] - [main] INFO  o.s.c.s.PostProcessorRegistrationDelegate$BeanPostProcessorChecker.postProcessAfterInitialization(326) - Bean 'org.springframework.aop.support.DefaultBeanFactoryPointcutAdvisor#0' of type [org.springframework.aop.support.DefaultBeanFactoryPointcutAdvisor] is not eligible for getting processed by all BeanPostProcessors (for example: not eligible for auto-proxying)
2023-08-24 09:28:06.074 - [] - [main] INFO  o.s.c.s.PostProcessorRegistrationDelegate$BeanPostProcessorChecker.postProcessAfterInitialization(326) - Bean 'org.springframework.transaction.annotation.ProxyTransactionManagementConfiguration' of type [org.springframework.transaction.annotation.ProxyTransactionManagementConfiguration$$EnhancerBySpringCGLIB$$1f4de361] is not eligible for getting processed by all BeanPostProcessors (for example: not eligible for auto-proxying)
2023-08-24 09:28:06.607 - [] - [main] INFO  o.s.boot.web.embedded.tomcat.TomcatWebServer.initialize(91) - Tomcat initialized with port(s): 8080 (http)
2023-08-24 09:28:06.619 - [] - [main] INFO  org.apache.coyote.http11.Http11NioProtocol.log(180) - Initializing ProtocolHandler ["http-nio-8080"]
2023-08-24 09:28:06.632 - [] - [main] INFO  org.apache.catalina.core.StandardService.log(180) - Starting service [Tomcat]
2023-08-24 09:28:06.632 - [] - [main] INFO  org.apache.catalina.core.StandardEngine.log(180) - Starting Servlet Engine: Apache Tomcat/8.5.39
2023-08-24 09:28:06.636 - [] - [localhost-startStop-1] INFO  org.apache.catalina.core.AprLifecycleListener.log(180) - Loaded APR based Apache Tomcat Native library [1.2.35] using APR version [1.7.0].
2023-08-24 09:28:06.636 - [] - [localhost-startStop-1] INFO  org.apache.catalina.core.AprLifecycleListener.log(180) - APR capabilities: IPv6 [true], sendfile [true], accept filters [false], random [true].
2023-08-24 09:28:06.636 - [] - [localhost-startStop-1] INFO  org.apache.catalina.core.AprLifecycleListener.log(180) - APR/OpenSSL configuration: useAprConnector [false], useOpenSSL [true]
2023-08-24 09:28:06.644 - [] - [localhost-startStop-1] INFO  org.apache.catalina.core.AprLifecycleListener.log(180) - OpenSSL successfully initialized [OpenSSL 1.1.1q  5 Jul 2022]
2023-08-24 09:28:06.744 - [] - [localhost-startStop-1] INFO  o.a.c.c.C.[.[localhost].[/its-form-designer].log(180) - Initializing Spring embedded WebApplicationContext
2023-08-24 09:28:06.744 - [] - [localhost-startStop-1] INFO  org.springframework.web.context.ContextLoader.prepareWebApplicationContext(296) - Root WebApplicationContext: initialization completed in 1934 ms
2023-08-24 09:28:06.775 - [] - [localhost-startStop-1] INFO  o.s.boot.web.servlet.ServletRegistrationBean.addRegistration(187) - Servlet dispatcherServlet mapped to [/]
2023-08-24 09:28:06.781 - [] - [localhost-startStop-1] INFO  o.s.boot.web.servlet.FilterRegistrationBean.configure(245) - Mapping filter: 'characterEncodingFilter' to: [/*]
2023-08-24 09:28:07.062 - [] - [main] WARN  com.alibaba.druid.pool.DruidAbstractDataSource.setDriverClassName(1214) - oracle.jdbc.driver.OracleDriver is deprecated.Having use oracle.jdbc.OracleDriver.
2023-08-24 09:28:07.442 - [] - [main] INFO  com.alibaba.druid.pool.DruidDataSource.init(1003) - {dataSource-1} inited
2023-08-24 09:28:09.315 - [] - [main] INFO  o.s.w.s.m.m.a.RequestMappingHandlerMapping.register(550) - Mapped "{[/web/its/form/componentConfig/getComponentConfig],methods=[POST]}" onto public cn.hsa.its.form.dto.WrapperResponse<cn.hsa.its.form.dto.ComponentConfigDTO> cn.hsa.its.form.controller.ComponentConfigController.getComponentConfig(cn.hsa.its.form.dto.ComponentConfigParamDTO)
2023-08-24 09:28:09.316 - [] - [main] INFO  o.s.w.s.m.m.a.RequestMappingHandlerMapping.register(550) - Mapped "{[/web/its/form/componentConfig/deleteComponentConfig],methods=[POST]}" onto public cn.hsa.its.form.dto.WrapperResponse<java.lang.Integer> cn.hsa.its.form.controller.ComponentConfigController.deleteComponentConfig(cn.hsa.its.form.dto.ComponentConfigParamDTO)
2023-08-24 09:28:09.317 - [] - [main] INFO  o.s.w.s.m.m.a.RequestMappingHandlerMapping.register(550) - Mapped "{[/web/its/form/componentConfig/listComponentConfig],methods=[POST]}" onto public cn.hsa.its.form.dto.WrapperResponse<cn.hsa.its.form.dto.PageResultData<cn.hsa.its.form.dto.ComponentConfigDTO>> cn.hsa.its.form.controller.ComponentConfigController.listComponentConfig(cn.hsa.its.form.dto.ComponentConfigParamDTO)
2023-08-24 09:28:09.317 - [] - [main] INFO  o.s.w.s.m.m.a.RequestMappingHandlerMapping.register(550) - Mapped "{[/web/its/form/componentConfig/saveComponentConfig],methods=[POST]}" onto public cn.hsa.its.form.dto.WrapperResponse<java.lang.Integer> cn.hsa.its.form.controller.ComponentConfigController.saveComponentConfig(cn.hsa.its.form.dto.ComponentConfigDTO)
2023-08-24 09:28:09.319 - [] - [main] INFO  o.s.w.s.m.m.a.RequestMappingHandlerMapping.register(550) - Mapped "{[/web/its/form/fieldConfig/deleteFieldConfig],methods=[POST]}" onto public cn.hsa.its.form.dto.WrapperResponse<java.lang.Integer> cn.hsa.its.form.controller.FieldConfigController.deleteFieldConfig(cn.hsa.its.form.dto.FieldConfigParamDTO)
2023-08-24 09:28:09.319 - [] - [main] INFO  o.s.w.s.m.m.a.RequestMappingHandlerMapping.register(550) - Mapped "{[/web/its/form/fieldConfig/listFieldConfig],methods=[POST]}" onto public cn.hsa.its.form.dto.WrapperResponse<cn.hsa.its.form.dto.PageResultData<cn.hsa.its.form.dto.FieldConfigDTO>> cn.hsa.its.form.controller.FieldConfigController.listFieldConfig(cn.hsa.its.form.dto.FieldConfigParamDTO)
2023-08-24 09:28:09.319 - [] - [main] INFO  o.s.w.s.m.m.a.RequestMappingHandlerMapping.register(550) - Mapped "{[/web/its/form/fieldConfig/getFieldDict],methods=[GET]}" onto public cn.hsa.its.form.dto.WrapperResponse<java.util.List<cn.hsa.its.form.dto.CodeTableDTO>> cn.hsa.its.form.controller.FieldConfigController.getFieldDict()
2023-08-24 09:28:09.319 - [] - [main] INFO  o.s.w.s.m.m.a.RequestMappingHandlerMapping.register(550) - Mapped "{[/web/its/form/fieldConfig/saveFieldConfig],methods=[POST]}" onto public cn.hsa.its.form.dto.WrapperResponse<java.lang.Integer> cn.hsa.its.form.controller.FieldConfigController.saveFieldConfig(cn.hsa.its.form.dto.FieldConfigDTO)
2023-08-24 09:28:09.321 - [] - [main] INFO  o.s.w.s.m.m.a.RequestMappingHandlerMapping.register(550) - Mapped "{[/web/its/form/fieldConfig/getFieldConfig],methods=[POST]}" onto public cn.hsa.its.form.dto.WrapperResponse<cn.hsa.its.form.dto.FieldConfigDTO> cn.hsa.its.form.controller.FieldConfigController.getFieldConfig(cn.hsa.its.form.dto.FieldConfigParamDTO)
2023-08-24 09:28:09.322 - [] - [main] INFO  o.s.w.s.m.m.a.RequestMappingHandlerMapping.register(550) - Mapped "{[/web/its/form/formConfig/getFormConfigByCode],methods=[POST]}" onto public cn.hsa.its.form.dto.WrapperResponse<cn.hsa.its.form.dto.FormConfigDTO> cn.hsa.its.form.controller.FormConfigController.getFormConfigByCode(cn.hsa.its.form.dto.FormConfigParamDTO)
2023-08-24 09:28:09.322 - [] - [main] INFO  o.s.w.s.m.m.a.RequestMappingHandlerMapping.register(550) - Mapped "{[/web/its/form/formConfig/listFormConfig],methods=[POST]}" onto public cn.hsa.its.form.dto.WrapperResponse<cn.hsa.its.form.dto.PageResultData<cn.hsa.its.form.dto.FormConfigDTO>> cn.hsa.its.form.controller.FormConfigController.listFormConfig(cn.hsa.its.form.dto.FormConfigParamDTO)
2023-08-24 09:28:09.322 - [] - [main] INFO  o.s.w.s.m.m.a.RequestMappingHandlerMapping.register(550) - Mapped "{[/web/its/form/formConfig/saveFormConfig],methods=[POST]}" onto public cn.hsa.its.form.dto.WrapperResponse<java.lang.Integer> cn.hsa.its.form.controller.FormConfigController.saveFormConfig(cn.hsa.its.form.dto.FormConfigDTO)
2023-08-24 09:28:09.322 - [] - [main] INFO  o.s.w.s.m.m.a.RequestMappingHandlerMapping.register(550) - Mapped "{[/web/its/form/formConfig/getFormConfig],methods=[POST]}" onto public cn.hsa.its.form.dto.WrapperResponse<cn.hsa.its.form.dto.FormConfigDTO> cn.hsa.its.form.controller.FormConfigController.getFormConfig(cn.hsa.its.form.dto.FormConfigParamDTO)
2023-08-24 09:28:09.323 - [] - [main] INFO  o.s.w.s.m.m.a.RequestMappingHandlerMapping.register(550) - Mapped "{[/web/its/form/formConfig/deleteFormConfig],methods=[POST]}" onto public cn.hsa.its.form.dto.WrapperResponse<java.lang.Integer> cn.hsa.its.form.controller.FormConfigController.deleteFormConfig(cn.hsa.its.form.dto.FormConfigParamDTO)
2023-08-24 09:28:09.326 - [] - [main] INFO  o.s.w.s.m.m.a.RequestMappingHandlerMapping.register(550) - Mapped "{[/web/its/form/formInstance/deleteFormInstance],methods=[POST]}" onto public cn.hsa.its.form.dto.WrapperResponse<java.lang.Integer> cn.hsa.its.form.controller.FormInstanceController.deleteFormInstance(cn.hsa.its.form.dto.FormInstanceDTO)
2023-08-24 09:28:09.326 - [] - [main] INFO  o.s.w.s.m.m.a.RequestMappingHandlerMapping.register(550) - Mapped "{[/web/its/form/formInstance/listFormInstance],methods=[POST]}" onto public cn.hsa.its.form.dto.WrapperResponse<cn.hsa.its.form.dto.PageResultData<cn.hsa.its.form.dto.FormInstanceDTO>> cn.hsa.its.form.controller.FormInstanceController.listFormInstance(cn.hsa.its.form.dto.FormInstanceDTO)
2023-08-24 09:28:09.326 - [] - [main] INFO  o.s.w.s.m.m.a.RequestMappingHandlerMapping.register(550) - Mapped "{[/web/its/form/formInstance/saveFormInstance],methods=[POST]}" onto public cn.hsa.its.form.dto.WrapperResponse<java.lang.String> cn.hsa.its.form.controller.FormInstanceController.saveFormInstance(cn.hsa.its.form.dto.FormInstanceDTO)
2023-08-24 09:28:09.326 - [] - [main] INFO  o.s.w.s.m.m.a.RequestMappingHandlerMapping.register(550) - Mapped "{[/web/its/form/formInstance/getFormInstance],methods=[POST]}" onto public cn.hsa.its.form.dto.WrapperResponse<cn.hsa.its.form.dto.FormInstanceDTO> cn.hsa.its.form.controller.FormInstanceController.getFormInstance(cn.hsa.its.form.dto.FormInstanceDTO)
2023-08-24 09:28:09.330 - [] - [main] INFO  o.s.w.s.m.m.a.RequestMappingHandlerMapping.register(550) - Mapped "{[/swagger-resources]}" onto public org.springframework.http.ResponseEntity<java.util.List<springfox.documentation.swagger.web.SwaggerResource>> springfox.documentation.swagger.web.ApiResourceController.swaggerResources()
2023-08-24 09:28:09.330 - [] - [main] INFO  o.s.w.s.m.m.a.RequestMappingHandlerMapping.register(550) - Mapped "{[/swagger-resources/configuration/ui]}" onto public org.springframework.http.ResponseEntity<springfox.documentation.swagger.web.UiConfiguration> springfox.documentation.swagger.web.ApiResourceController.uiConfiguration()
2023-08-24 09:28:09.331 - [] - [main] INFO  o.s.w.s.m.m.a.RequestMappingHandlerMapping.register(550) - Mapped "{[/swagger-resources/configuration/security]}" onto public org.springframework.http.ResponseEntity<springfox.documentation.swagger.web.SecurityConfiguration> springfox.documentation.swagger.web.ApiResourceController.securityConfiguration()
2023-08-24 09:28:09.333 - [] - [main] INFO  o.s.w.s.m.m.a.RequestMappingHandlerMapping.register(550) - Mapped "{[/error]}" onto public org.springframework.http.ResponseEntity<java.util.Map<java.lang.String, java.lang.Object>> org.springframework.boot.autoconfigure.web.servlet.error.BasicErrorController.error(javax.servlet.http.HttpServletRequest)
2023-08-24 09:28:09.333 - [] - [main] INFO  o.s.w.s.m.m.a.RequestMappingHandlerMapping.register(550) - Mapped "{[/error],produces=[text/html]}" onto public org.springframework.web.servlet.ModelAndView org.springframework.boot.autoconfigure.web.servlet.error.BasicErrorController.errorHtml(javax.servlet.http.HttpServletRequest,javax.servlet.http.HttpServletResponse)
2023-08-24 09:28:09.486 - [] - [main] INFO  s.d.s.w.PropertySourcedRequestMappingHandlerMapping.initHandlerMethods(69) - Mapped URL path [/v2/api-docs] onto method [public org.springframework.http.ResponseEntity<springfox.documentation.spring.web.json.Json> springfox.documentation.swagger2.web.Swagger2Controller.getDocumentation(java.lang.String,javax.servlet.http.HttpServletRequest)]
2023-08-24 09:28:09.544 - [] - [main] INFO  o.s.web.servlet.handler.SimpleUrlHandlerMapping.registerHandler(372) - Mapped URL path [/swagger-ui.html] onto handler of type [class org.springframework.web.servlet.resource.ResourceHttpRequestHandler]
2023-08-24 09:28:09.545 - [] - [main] INFO  o.s.web.servlet.handler.SimpleUrlHandlerMapping.registerHandler(372) - Mapped URL path [/webjars/**] onto handler of type [class org.springframework.web.servlet.resource.ResourceHttpRequestHandler]
2023-08-24 09:28:09.615 - [] - [main] INFO  o.s.w.s.m.m.a.RequestMappingHandlerAdapter.initControllerAdviceCache(589) - Looking for @ControllerAdvice: org.springframework.boot.web.servlet.context.AnnotationConfigServletWebServerApplicationContext@4097cac: startup date [Thu Aug 24 09:28:04 CST 2023]; root of context hierarchy
2023-08-24 09:28:10.285 - [] - [main] INFO  o.s.jmx.export.annotation.AnnotationMBeanExporter.afterSingletonsInstantiated(433) - Registering beans for JMX exposure on startup
2023-08-24 09:28:10.287 - [] - [main] INFO  o.s.jmx.export.annotation.AnnotationMBeanExporter.autodetect(895) - Bean with name 'dataSource' has been autodetected for JMX exposure
2023-08-24 09:28:10.292 - [] - [main] INFO  o.s.jmx.export.annotation.AnnotationMBeanExporter.registerBeanInstance(668) - Located MBean 'dataSource': registering with JMX server as MBean [com.alibaba.druid.pool:name=dataSource,type=DruidDataSource]
2023-08-24 09:28:10.296 - [] - [main] INFO  o.s.context.support.DefaultLifecycleProcessor.start(356) - Starting beans in phase 2147483647
2023-08-24 09:28:10.297 - [] - [main] INFO  s.d.s.web.plugins.DocumentationPluginsBootstrapper.start(160) - Context refreshed
2023-08-24 09:28:10.318 - [] - [main] INFO  s.d.s.web.plugins.DocumentationPluginsBootstrapper.start(163) - Found 1 custom documentation plugin(s)
2023-08-24 09:28:10.356 - [] - [main] INFO  s.d.spring.web.scanners.ApiListingReferenceScanner.scan(41) - Scanning for api listing references
2023-08-24 09:28:10.603 - [] - [main] INFO  org.apache.coyote.http11.Http11NioProtocol.log(180) - Starting ProtocolHandler ["http-nio-8080"]
2023-08-24 09:28:10.609 - [] - [main] INFO  org.apache.tomcat.util.net.NioSelectorPool.log(180) - Using a shared selector for servlet write/read
2023-08-24 09:28:10.625 - [] - [main] INFO  o.s.boot.web.embedded.tomcat.TomcatWebServer.start(206) - Tomcat started on port(s): 8080 (http) with context path '/its-form-designer'
2023-08-24 09:28:10.629 - [] - [main] INFO  cn.hsa.its.ItsFormDesignerApplication.logStarted(59) - Started ItsFormDesignerApplication in 6.557 seconds (JVM running for 7.852)
2023-08-24 09:28:43.819 - [] - [http-nio-8080-exec-1] INFO  o.a.c.c.C.[.[localhost].[/its-form-designer].log(180) - Initializing Spring FrameworkServlet 'dispatcherServlet'
2023-08-24 09:28:43.820 - [] - [http-nio-8080-exec-1] INFO  org.springframework.web.servlet.DispatcherServlet.initServletBean(497) - FrameworkServlet 'dispatcherServlet': initialization started
2023-08-24 09:28:43.844 - [] - [http-nio-8080-exec-1] INFO  org.springframework.web.servlet.DispatcherServlet.initServletBean(512) - FrameworkServlet 'dispatcherServlet': initialization completed in 24 ms
2023-08-24 09:28:57.207 - [] - [http-nio-8080-exec-1] DEBUG c.h.its.form.dao.FormConfigDAO.getFormConfigByCode.debug(143) - ==>  Preparing: SELECT t.rid, t.form_id, t.form_code, t.form_name, t.form_desc, t.form_col, t.ttl_wid, t.tmpl_flag, t.vali_flag, t.insu_admdvs, t.admdvs, t.poolarea_no, t.crter_id, t.crter_name, t.crte_optins_no, t.crte_time, t.opter_id, t.opter_name, t.optins_no, t.opt_time, t.updt_time, t.form_get_inter, t.form_save_inter, t.form_apply_inter from form_cfg_b t where t.form_code = ? and t.vali_flag = '1' 
2023-08-24 09:28:57.691 - [] - [http-nio-8080-exec-1] DEBUG c.h.its.form.dao.FormConfigDAO.getFormConfigByCode.debug(143) - ==> Parameters: zm011(String)
2023-08-24 09:28:57.845 - [] - [http-nio-8080-exec-1] DEBUG c.h.its.form.dao.FormConfigDAO.getFormConfigByCode.debug(143) - <==      Total: 1
2023-08-24 09:29:06.897 - [] - [http-nio-8080-exec-1] ERROR o.a.c.c.C.[.[.[.[dispatcherServlet].log(182) - Servlet.service() for servlet [dispatcherServlet] in context with path [/its-form-designer] threw exception [Request processing failed; nested exception is java.lang.IllegalArgumentException: 已存在该表单编码的数据] with root cause
java.lang.IllegalArgumentException: 已存在该表单编码的数据
	at cn.hsa.its.form.bo.impl.FormConfigBOImpl.saveFormConfig(FormConfigBOImpl.java:200)
	at cn.hsa.its.form.bo.impl.FormConfigBOImpl$$FastClassBySpringCGLIB$$3a8340a9.invoke(<generated>)
	at org.springframework.cglib.proxy.MethodProxy.invoke(MethodProxy.java:204)
	at org.springframework.aop.framework.CglibAopProxy$CglibMethodInvocation.invokeJoinpoint(CglibAopProxy.java:746)
	at org.springframework.aop.framework.ReflectiveMethodInvocation.proceed(ReflectiveMethodInvocation.java:163)
	at org.springframework.transaction.interceptor.TransactionAspectSupport.invokeWithinTransaction(TransactionAspectSupport.java:294)
	at org.springframework.transaction.interceptor.TransactionInterceptor.invoke(TransactionInterceptor.java:98)
	at org.springframework.aop.framework.ReflectiveMethodInvocation.proceed(ReflectiveMethodInvocation.java:185)
	at org.springframework.aop.interceptor.ExposeInvocationInterceptor.invoke(ExposeInvocationInterceptor.java:92)
	at org.springframework.aop.framework.ReflectiveMethodInvocation.proceed(ReflectiveMethodInvocation.java:185)
	at org.springframework.aop.framework.CglibAopProxy$DynamicAdvisedInterceptor.intercept(CglibAopProxy.java:688)
	at cn.hsa.its.form.bo.impl.FormConfigBOImpl$$EnhancerBySpringCGLIB$$de7dc985.saveFormConfig(<generated>)
	at cn.hsa.its.form.service.impl.FormConfigServiceImpl.saveFormConfig(FormConfigServiceImpl.java:82)
	at cn.hsa.its.form.controller.FormConfigController.saveFormConfig(FormConfigController.java:92)
	at sun.reflect.NativeMethodAccessorImpl.invoke0(Native Method)
	at sun.reflect.NativeMethodAccessorImpl.invoke(NativeMethodAccessorImpl.java:62)
	at sun.reflect.DelegatingMethodAccessorImpl.invoke(DelegatingMethodAccessorImpl.java:43)
	at java.lang.reflect.Method.invoke(Method.java:498)
	at org.springframework.web.method.support.InvocableHandlerMethod.doInvoke(InvocableHandlerMethod.java:209)
	at org.springframework.web.method.support.InvocableHandlerMethod.invokeForRequest(InvocableHandlerMethod.java:136)
	at org.springframework.web.servlet.mvc.method.annotation.ServletInvocableHandlerMethod.invokeAndHandle(ServletInvocableHandlerMethod.java:102)
	at org.springframework.web.servlet.mvc.method.annotation.RequestMappingHandlerAdapter.invokeHandlerMethod(RequestMappingHandlerAdapter.java:894)
	at org.springframework.web.servlet.mvc.method.annotation.RequestMappingHandlerAdapter.handleInternal(RequestMappingHandlerAdapter.java:800)
	at org.springframework.web.servlet.mvc.method.AbstractHandlerMethodAdapter.handle(AbstractHandlerMethodAdapter.java:87)
	at org.springframework.web.servlet.DispatcherServlet.doDispatch(DispatcherServlet.java:991)
	at org.springframework.web.servlet.DispatcherServlet.doService(DispatcherServlet.java:925)
	at org.springframework.web.servlet.FrameworkServlet.processRequest(FrameworkServlet.java:981)
	at org.springframework.web.servlet.FrameworkServlet.doPost(FrameworkServlet.java:884)
	at javax.servlet.http.HttpServlet.service(HttpServlet.java:661)
	at org.springframework.web.servlet.FrameworkServlet.service(FrameworkServlet.java:858)
	at javax.servlet.http.HttpServlet.service(HttpServlet.java:742)
	at org.apache.catalina.core.ApplicationFilterChain.internalDoFilter(ApplicationFilterChain.java:231)
	at org.apache.catalina.core.ApplicationFilterChain.doFilter(ApplicationFilterChain.java:166)
	at org.apache.tomcat.websocket.server.WsFilter.doFilter(WsFilter.java:52)
	at org.apache.catalina.core.ApplicationFilterChain.internalDoFilter(ApplicationFilterChain.java:193)
	at org.apache.catalina.core.ApplicationFilterChain.doFilter(ApplicationFilterChain.java:166)
	at org.springframework.web.filter.CharacterEncodingFilter.doFilterInternal(CharacterEncodingFilter.java:200)
	at org.springframework.web.filter.OncePerRequestFilter.doFilter(OncePerRequestFilter.java:107)
	at org.apache.catalina.core.ApplicationFilterChain.internalDoFilter(ApplicationFilterChain.java:193)
	at org.apache.catalina.core.ApplicationFilterChain.doFilter(ApplicationFilterChain.java:166)
	at org.apache.catalina.core.StandardWrapperValve.invoke(StandardWrapperValve.java:199)
	at org.apache.catalina.core.StandardContextValve.invoke(StandardContextValve.java:96)
	at org.apache.catalina.authenticator.AuthenticatorBase.invoke(AuthenticatorBase.java:493)
	at org.apache.catalina.core.StandardHostValve.invoke(StandardHostValve.java:137)
	at org.apache.catalina.valves.ErrorReportValve.invoke(ErrorReportValve.java:81)
	at org.apache.catalina.core.StandardEngineValve.invoke(StandardEngineValve.java:87)
	at org.apache.catalina.connector.CoyoteAdapter.service(CoyoteAdapter.java:343)
	at org.apache.coyote.http11.Http11Processor.service(Http11Processor.java:798)
	at org.apache.coyote.AbstractProcessorLight.process(AbstractProcessorLight.java:66)
	at org.apache.coyote.AbstractProtocol$ConnectionHandler.process(AbstractProtocol.java:806)
	at org.apache.tomcat.util.net.NioEndpoint$SocketProcessor.doRun(NioEndpoint.java:1498)
	at org.apache.tomcat.util.net.SocketProcessorBase.run(SocketProcessorBase.java:49)
	at java.util.concurrent.ThreadPoolExecutor.runWorker(ThreadPoolExecutor.java:1149)
	at java.util.concurrent.ThreadPoolExecutor$Worker.run(ThreadPoolExecutor.java:624)
	at org.apache.tomcat.util.threads.TaskThread$WrappingRunnable.run(TaskThread.java:61)
	at java.lang.Thread.run(Thread.java:750)
2023-08-24 09:29:35.140 - [] - [http-nio-8080-exec-2] DEBUG c.h.its.form.dao.FormConfigDAO.getFormConfigByCode.debug(143) - ==>  Preparing: SELECT t.rid, t.form_id, t.form_code, t.form_name, t.form_desc, t.form_col, t.ttl_wid, t.tmpl_flag, t.vali_flag, t.insu_admdvs, t.admdvs, t.poolarea_no, t.crter_id, t.crter_name, t.crte_optins_no, t.crte_time, t.opter_id, t.opter_name, t.optins_no, t.opt_time, t.updt_time, t.form_get_inter, t.form_save_inter, t.form_apply_inter from form_cfg_b t where t.form_code = ? and t.vali_flag = '1' 
2023-08-24 09:29:35.141 - [] - [http-nio-8080-exec-2] DEBUG c.h.its.form.dao.FormConfigDAO.getFormConfigByCode.debug(143) - ==> Parameters: Activity(String)
2023-08-24 09:29:35.148 - [] - [http-nio-8080-exec-2] DEBUG c.h.its.form.dao.FormConfigDAO.getFormConfigByCode.debug(143) - <==      Total: 0
2023-08-24 09:29:39.209 - [] - [http-nio-8080-exec-2] INFO  io.lettuce.core.EpollProvider.<clinit>(68) - Starting without optional epoll library
2023-08-24 09:29:39.216 - [] - [http-nio-8080-exec-2] INFO  io.lettuce.core.KqueueProvider.<clinit>(70) - Starting without optional kqueue library
2023-08-24 09:30:31.608 - [] - [http-nio-8080-exec-2] DEBUG cn.hsa.its.form.dao.FormConfigDAO.insert.debug(143) - ==>  Preparing: INSERT INTO form_cfg_b ( form_id, rid, form_code, form_name, form_desc, tmpl_flag, crte_time, opt_time, form_get_inter, form_save_inter, form_apply_inter ) VALUES ( ?, ?, ?, ?, ?, ?, ?, ?, ?, ?, ? ) 
2023-08-24 09:30:31.611 - [] - [http-nio-8080-exec-2] DEBUG cn.hsa.its.form.dao.FormConfigDAO.insert.debug(143) - ==> Parameters: 202308241(String), 55c8ba3e154145f29aed1f1c4e8d2afb(String), Activity(String), 羽毛球活动(String), 羽毛球活动报名详细信息(String), 1(String), 2023-08-24 09:29:33.37(Timestamp), 2023-08-24 09:29:33.37(Timestamp), 1(String), 1(String), 1(String)
2023-08-24 09:30:31.667 - [] - [http-nio-8080-exec-2] DEBUG cn.hsa.its.form.dao.FormConfigDAO.insert.debug(143) - <==    Updates: 1
2023-08-24 09:33:12.282 - [] - [Thread-15] INFO  o.s.b.w.s.c.AnnotationConfigServletWebServerApplicationContext.doClose(1006) - Closing org.springframework.boot.web.servlet.context.AnnotationConfigServletWebServerApplicationContext@4097cac: startup date [Thu Aug 24 09:28:04 CST 2023]; root of context hierarchy
2023-08-24 09:33:12.286 - [] - [Thread-15] INFO  o.s.context.support.DefaultLifecycleProcessor.stop(369) - Stopping beans in phase 2147483647
2023-08-24 09:33:12.288 - [] - [Thread-15] INFO  o.s.jmx.export.annotation.AnnotationMBeanExporter.destroy(451) - Unregistering JMX-exposed beans on shutdown
2023-08-24 09:33:12.288 - [] - [Thread-15] INFO  o.s.jmx.export.annotation.AnnotationMBeanExporter.unregisterBeans(185) - Unregistering JMX-exposed beans
2023-08-24 09:33:12.292 - [] - [Thread-15] INFO  com.alibaba.druid.pool.DruidDataSource.close(1948) - {dataSource-1} closing ...
2023-08-24 09:33:12.338 - [] - [Thread-15] INFO  com.alibaba.druid.pool.DruidDataSource.close(2020) - {dataSource-1} closed
2023-08-24 09:33:19.481 - [] - [main] INFO  cn.hsa.its.ItsFormDesignerApplication.logStarting(50) - Starting ItsFormDesignerApplication on windows电脑 with PID 25028 (C:\Users\powersi\Desktop\its-form-designer-develop\hsa-main-generic\target\classes started by powersi in C:\Users\powersi\Desktop\its-form-designer-develop)
2023-08-24 09:33:19.488 - [] - [main] DEBUG cn.hsa.its.ItsFormDesignerApplication.logStarting(53) - Running with Spring Boot v2.0.9.RELEASE, Spring v5.0.13.RELEASE
2023-08-24 09:33:19.492 - [] - [main] INFO  cn.hsa.its.ItsFormDesignerApplication.logStartupProfileInfo(658) - The following profiles are active: local
2023-08-24 09:33:19.574 - [] - [main] INFO  o.s.b.w.s.c.AnnotationConfigServletWebServerApplicationContext.prepareRefresh(592) - Refreshing org.springframework.boot.web.servlet.context.AnnotationConfigServletWebServerApplicationContext@fcb4004: startup date [Thu Aug 24 09:33:19 CST 2023]; root of context hierarchy
2023-08-24 09:33:20.395 - [] - [main] INFO  o.s.beans.factory.xml.XmlBeanDefinitionReader.loadBeanDefinitions(317) - Loading XML bean definitions from URL [file:/C:/Users/powersi/Desktop/its-form-designer-develop/hsa-main-generic/target/classes/config/spring.xml]
2023-08-24 09:33:20.477 - [] - [main] INFO  o.s.beans.factory.xml.XmlBeanDefinitionReader.loadBeanDefinitions(317) - Loading XML bean definitions from class path resource [config/db/db.xml]
2023-08-24 09:33:20.688 - [] - [main] INFO  o.s.d.r.config.RepositoryConfigurationDelegate.multipleStoresDetected(172) - Multiple Spring Data modules found, entering strict repository configuration mode!
2023-08-24 09:33:20.771 - [] - [main] INFO  o.s.b.factory.support.DefaultListableBeanFactory.registerBeanDefinition(824) - Overriding bean definition for bean 'org.springframework.transaction.config.internalTransactionAdvisor' with a different definition: replacing [Root bean: class [org.springframework.transaction.interceptor.BeanFactoryTransactionAttributeSourceAdvisor]; scope=; abstract=false; lazyInit=false; autowireMode=0; dependencyCheck=0; autowireCandidate=true; primary=false; factoryBeanName=null; factoryMethodName=null; initMethodName=null; destroyMethodName=null] with [Root bean: class [null]; scope=; abstract=false; lazyInit=false; autowireMode=3; dependencyCheck=0; autowireCandidate=true; primary=false; factoryBeanName=org.springframework.transaction.annotation.ProxyTransactionManagementConfiguration; factoryMethodName=transactionAdvisor; initMethodName=null; destroyMethodName=(inferred); defined in class path resource [org/springframework/transaction/annotation/ProxyTransactionManagementConfiguration.class]]
2023-08-24 09:33:20.773 - [] - [main] INFO  o.s.c.a.ConfigurationClassBeanDefinitionReader.isOverriddenByExistingDefinition(307) - Skipping bean definition for [BeanMethod:name=transactionalEventListenerFactory,declaringClass=org.springframework.transaction.annotation.AbstractTransactionManagementConfiguration]: a definition for bean 'org.springframework.transaction.config.internalTransactionalEventListenerFactory' already exists. This top-level bean definition is considered as an override.
2023-08-24 09:33:21.204 - [] - [main] INFO  o.s.c.s.PostProcessorRegistrationDelegate$BeanPostProcessorChecker.postProcessAfterInitialization(326) - Bean 'org.springframework.aop.support.DefaultBeanFactoryPointcutAdvisor#0' of type [org.springframework.aop.support.DefaultBeanFactoryPointcutAdvisor] is not eligible for getting processed by all BeanPostProcessors (for example: not eligible for auto-proxying)
2023-08-24 09:33:21.227 - [] - [main] INFO  o.s.c.s.PostProcessorRegistrationDelegate$BeanPostProcessorChecker.postProcessAfterInitialization(326) - Bean 'org.springframework.transaction.annotation.ProxyTransactionManagementConfiguration' of type [org.springframework.transaction.annotation.ProxyTransactionManagementConfiguration$$EnhancerBySpringCGLIB$$290b6f55] is not eligible for getting processed by all BeanPostProcessors (for example: not eligible for auto-proxying)
2023-08-24 09:33:21.906 - [] - [main] INFO  o.s.boot.web.embedded.tomcat.TomcatWebServer.initialize(91) - Tomcat initialized with port(s): 8080 (http)
2023-08-24 09:33:21.924 - [] - [main] INFO  org.apache.coyote.http11.Http11NioProtocol.log(180) - Initializing ProtocolHandler ["http-nio-8080"]
2023-08-24 09:33:21.944 - [] - [main] INFO  org.apache.catalina.core.StandardService.log(180) - Starting service [Tomcat]
2023-08-24 09:33:21.945 - [] - [main] INFO  org.apache.catalina.core.StandardEngine.log(180) - Starting Servlet Engine: Apache Tomcat/8.5.39
2023-08-24 09:33:21.950 - [] - [localhost-startStop-1] INFO  org.apache.catalina.core.AprLifecycleListener.log(180) - Loaded APR based Apache Tomcat Native library [1.2.35] using APR version [1.7.0].
2023-08-24 09:33:21.951 - [] - [localhost-startStop-1] INFO  org.apache.catalina.core.AprLifecycleListener.log(180) - APR capabilities: IPv6 [true], sendfile [true], accept filters [false], random [true].
2023-08-24 09:33:21.951 - [] - [localhost-startStop-1] INFO  org.apache.catalina.core.AprLifecycleListener.log(180) - APR/OpenSSL configuration: useAprConnector [false], useOpenSSL [true]
2023-08-24 09:33:21.956 - [] - [localhost-startStop-1] INFO  org.apache.catalina.core.AprLifecycleListener.log(180) - OpenSSL successfully initialized [OpenSSL 1.1.1q  5 Jul 2022]
2023-08-24 09:33:22.125 - [] - [localhost-startStop-1] INFO  o.a.c.c.C.[.[localhost].[/its-form-designer].log(180) - Initializing Spring embedded WebApplicationContext
2023-08-24 09:33:22.125 - [] - [localhost-startStop-1] INFO  org.springframework.web.context.ContextLoader.prepareWebApplicationContext(296) - Root WebApplicationContext: initialization completed in 2551 ms
2023-08-24 09:33:22.192 - [] - [localhost-startStop-1] INFO  o.s.boot.web.servlet.ServletRegistrationBean.addRegistration(187) - Servlet dispatcherServlet mapped to [/]
2023-08-24 09:33:22.204 - [] - [localhost-startStop-1] INFO  o.s.boot.web.servlet.FilterRegistrationBean.configure(245) - Mapping filter: 'characterEncodingFilter' to: [/*]
2023-08-24 09:33:22.706 - [] - [main] WARN  com.alibaba.druid.pool.DruidAbstractDataSource.setDriverClassName(1214) - oracle.jdbc.driver.OracleDriver is deprecated.Having use oracle.jdbc.OracleDriver.
2023-08-24 09:33:23.309 - [] - [main] INFO  com.alibaba.druid.pool.DruidDataSource.init(1003) - {dataSource-1} inited
2023-08-24 09:33:29.079 - [] - [main] INFO  o.s.w.s.m.m.a.RequestMappingHandlerMapping.register(550) - Mapped "{[/web/its/form/componentConfig/saveComponentConfig],methods=[POST]}" onto public cn.hsa.its.form.dto.WrapperResponse<java.lang.Integer> cn.hsa.its.form.controller.ComponentConfigController.saveComponentConfig(cn.hsa.its.form.dto.ComponentConfigDTO)
2023-08-24 09:33:29.083 - [] - [main] INFO  o.s.w.s.m.m.a.RequestMappingHandlerMapping.register(550) - Mapped "{[/web/its/form/componentConfig/deleteComponentConfig],methods=[POST]}" onto public cn.hsa.its.form.dto.WrapperResponse<java.lang.Integer> cn.hsa.its.form.controller.ComponentConfigController.deleteComponentConfig(cn.hsa.its.form.dto.ComponentConfigParamDTO)
2023-08-24 09:33:29.083 - [] - [main] INFO  o.s.w.s.m.m.a.RequestMappingHandlerMapping.register(550) - Mapped "{[/web/its/form/componentConfig/getComponentConfig],methods=[POST]}" onto public cn.hsa.its.form.dto.WrapperResponse<cn.hsa.its.form.dto.ComponentConfigDTO> cn.hsa.its.form.controller.ComponentConfigController.getComponentConfig(cn.hsa.its.form.dto.ComponentConfigParamDTO)
2023-08-24 09:33:29.085 - [] - [main] INFO  o.s.w.s.m.m.a.RequestMappingHandlerMapping.register(550) - Mapped "{[/web/its/form/componentConfig/listComponentConfig],methods=[POST]}" onto public cn.hsa.its.form.dto.WrapperResponse<cn.hsa.its.form.dto.PageResultData<cn.hsa.its.form.dto.ComponentConfigDTO>> cn.hsa.its.form.controller.ComponentConfigController.listComponentConfig(cn.hsa.its.form.dto.ComponentConfigParamDTO)
2023-08-24 09:33:29.090 - [] - [main] INFO  o.s.w.s.m.m.a.RequestMappingHandlerMapping.register(550) - Mapped "{[/web/its/form/fieldConfig/deleteFieldConfig],methods=[POST]}" onto public cn.hsa.its.form.dto.WrapperResponse<java.lang.Integer> cn.hsa.its.form.controller.FieldConfigController.deleteFieldConfig(cn.hsa.its.form.dto.FieldConfigParamDTO)
2023-08-24 09:33:29.091 - [] - [main] INFO  o.s.w.s.m.m.a.RequestMappingHandlerMapping.register(550) - Mapped "{[/web/its/form/fieldConfig/listFieldConfig],methods=[POST]}" onto public cn.hsa.its.form.dto.WrapperResponse<cn.hsa.its.form.dto.PageResultData<cn.hsa.its.form.dto.FieldConfigDTO>> cn.hsa.its.form.controller.FieldConfigController.listFieldConfig(cn.hsa.its.form.dto.FieldConfigParamDTO)
2023-08-24 09:33:29.091 - [] - [main] INFO  o.s.w.s.m.m.a.RequestMappingHandlerMapping.register(550) - Mapped "{[/web/its/form/fieldConfig/getFieldConfig],methods=[POST]}" onto public cn.hsa.its.form.dto.WrapperResponse<cn.hsa.its.form.dto.FieldConfigDTO> cn.hsa.its.form.controller.FieldConfigController.getFieldConfig(cn.hsa.its.form.dto.FieldConfigParamDTO)
2023-08-24 09:33:29.095 - [] - [main] INFO  o.s.w.s.m.m.a.RequestMappingHandlerMapping.register(550) - Mapped "{[/web/its/form/fieldConfig/saveFieldConfig],methods=[POST]}" onto public cn.hsa.its.form.dto.WrapperResponse<java.lang.Integer> cn.hsa.its.form.controller.FieldConfigController.saveFieldConfig(cn.hsa.its.form.dto.FieldConfigDTO)
2023-08-24 09:33:29.096 - [] - [main] INFO  o.s.w.s.m.m.a.RequestMappingHandlerMapping.register(550) - Mapped "{[/web/its/form/fieldConfig/getFieldDict],methods=[GET]}" onto public cn.hsa.its.form.dto.WrapperResponse<java.util.List<cn.hsa.its.form.dto.CodeTableDTO>> cn.hsa.its.form.controller.FieldConfigController.getFieldDict()
2023-08-24 09:33:29.100 - [] - [main] INFO  o.s.w.s.m.m.a.RequestMappingHandlerMapping.register(550) - Mapped "{[/web/its/form/formConfig/getFormConfigByCode],methods=[POST]}" onto public cn.hsa.its.form.dto.WrapperResponse<cn.hsa.its.form.dto.FormConfigDTO> cn.hsa.its.form.controller.FormConfigController.getFormConfigByCode(cn.hsa.its.form.dto.FormConfigParamDTO)
2023-08-24 09:33:29.102 - [] - [main] INFO  o.s.w.s.m.m.a.RequestMappingHandlerMapping.register(550) - Mapped "{[/web/its/form/formConfig/deleteFormConfig],methods=[POST]}" onto public cn.hsa.its.form.dto.WrapperResponse<java.lang.Integer> cn.hsa.its.form.controller.FormConfigController.deleteFormConfig(cn.hsa.its.form.dto.FormConfigParamDTO)
2023-08-24 09:33:29.104 - [] - [main] INFO  o.s.w.s.m.m.a.RequestMappingHandlerMapping.register(550) - Mapped "{[/web/its/form/formConfig/listFormConfig],methods=[POST]}" onto public cn.hsa.its.form.dto.WrapperResponse<cn.hsa.its.form.dto.PageResultData<cn.hsa.its.form.dto.FormConfigDTO>> cn.hsa.its.form.controller.FormConfigController.listFormConfig(cn.hsa.its.form.dto.FormConfigParamDTO)
2023-08-24 09:33:29.104 - [] - [main] INFO  o.s.w.s.m.m.a.RequestMappingHandlerMapping.register(550) - Mapped "{[/web/its/form/formConfig/getFormConfig],methods=[POST]}" onto public cn.hsa.its.form.dto.WrapperResponse<cn.hsa.its.form.dto.FormConfigDTO> cn.hsa.its.form.controller.FormConfigController.getFormConfig(cn.hsa.its.form.dto.FormConfigParamDTO)
2023-08-24 09:33:29.106 - [] - [main] INFO  o.s.w.s.m.m.a.RequestMappingHandlerMapping.register(550) - Mapped "{[/web/its/form/formConfig/saveFormConfig],methods=[POST]}" onto public cn.hsa.its.form.dto.WrapperResponse<java.lang.Integer> cn.hsa.its.form.controller.FormConfigController.saveFormConfig(cn.hsa.its.form.dto.FormConfigDTO)
2023-08-24 09:33:29.117 - [] - [main] INFO  o.s.w.s.m.m.a.RequestMappingHandlerMapping.register(550) - Mapped "{[/web/its/form/formInstance/deleteFormInstance],methods=[POST]}" onto public cn.hsa.its.form.dto.WrapperResponse<java.lang.Integer> cn.hsa.its.form.controller.FormInstanceController.deleteFormInstance(cn.hsa.its.form.dto.FormInstanceDTO)
2023-08-24 09:33:29.120 - [] - [main] INFO  o.s.w.s.m.m.a.RequestMappingHandlerMapping.register(550) - Mapped "{[/web/its/form/formInstance/getFormInstance],methods=[POST]}" onto public cn.hsa.its.form.dto.WrapperResponse<cn.hsa.its.form.dto.FormInstanceDTO> cn.hsa.its.form.controller.FormInstanceController.getFormInstance(cn.hsa.its.form.dto.FormInstanceDTO)
2023-08-24 09:33:29.120 - [] - [main] INFO  o.s.w.s.m.m.a.RequestMappingHandlerMapping.register(550) - Mapped "{[/web/its/form/formInstance/saveFormInstance],methods=[POST]}" onto public cn.hsa.its.form.dto.WrapperResponse<java.lang.String> cn.hsa.its.form.controller.FormInstanceController.saveFormInstance(cn.hsa.its.form.dto.FormInstanceDTO)
2023-08-24 09:33:29.121 - [] - [main] INFO  o.s.w.s.m.m.a.RequestMappingHandlerMapping.register(550) - Mapped "{[/web/its/form/formInstance/listFormInstance],methods=[POST]}" onto public cn.hsa.its.form.dto.WrapperResponse<cn.hsa.its.form.dto.PageResultData<cn.hsa.its.form.dto.FormInstanceDTO>> cn.hsa.its.form.controller.FormInstanceController.listFormInstance(cn.hsa.its.form.dto.FormInstanceDTO)
2023-08-24 09:33:29.129 - [] - [main] INFO  o.s.w.s.m.m.a.RequestMappingHandlerMapping.register(550) - Mapped "{[/swagger-resources/configuration/ui]}" onto public org.springframework.http.ResponseEntity<springfox.documentation.swagger.web.UiConfiguration> springfox.documentation.swagger.web.ApiResourceController.uiConfiguration()
2023-08-24 09:33:29.131 - [] - [main] INFO  o.s.w.s.m.m.a.RequestMappingHandlerMapping.register(550) - Mapped "{[/swagger-resources]}" onto public org.springframework.http.ResponseEntity<java.util.List<springfox.documentation.swagger.web.SwaggerResource>> springfox.documentation.swagger.web.ApiResourceController.swaggerResources()
2023-08-24 09:33:29.134 - [] - [main] INFO  o.s.w.s.m.m.a.RequestMappingHandlerMapping.register(550) - Mapped "{[/swagger-resources/configuration/security]}" onto public org.springframework.http.ResponseEntity<springfox.documentation.swagger.web.SecurityConfiguration> springfox.documentation.swagger.web.ApiResourceController.securityConfiguration()
2023-08-24 09:33:29.139 - [] - [main] INFO  o.s.w.s.m.m.a.RequestMappingHandlerMapping.register(550) - Mapped "{[/error]}" onto public org.springframework.http.ResponseEntity<java.util.Map<java.lang.String, java.lang.Object>> org.springframework.boot.autoconfigure.web.servlet.error.BasicErrorController.error(javax.servlet.http.HttpServletRequest)
2023-08-24 09:33:29.143 - [] - [main] INFO  o.s.w.s.m.m.a.RequestMappingHandlerMapping.register(550) - Mapped "{[/error],produces=[text/html]}" onto public org.springframework.web.servlet.ModelAndView org.springframework.boot.autoconfigure.web.servlet.error.BasicErrorController.errorHtml(javax.servlet.http.HttpServletRequest,javax.servlet.http.HttpServletResponse)
2023-08-24 09:33:29.608 - [] - [main] INFO  s.d.s.w.PropertySourcedRequestMappingHandlerMapping.initHandlerMethods(69) - Mapped URL path [/v2/api-docs] onto method [public org.springframework.http.ResponseEntity<springfox.documentation.spring.web.json.Json> springfox.documentation.swagger2.web.Swagger2Controller.getDocumentation(java.lang.String,javax.servlet.http.HttpServletRequest)]
2023-08-24 09:33:29.717 - [] - [main] INFO  o.s.web.servlet.handler.SimpleUrlHandlerMapping.registerHandler(372) - Mapped URL path [/swagger-ui.html] onto handler of type [class org.springframework.web.servlet.resource.ResourceHttpRequestHandler]
2023-08-24 09:33:29.717 - [] - [main] INFO  o.s.web.servlet.handler.SimpleUrlHandlerMapping.registerHandler(372) - Mapped URL path [/webjars/**] onto handler of type [class org.springframework.web.servlet.resource.ResourceHttpRequestHandler]
2023-08-24 09:33:29.885 - [] - [main] INFO  o.s.w.s.m.m.a.RequestMappingHandlerAdapter.initControllerAdviceCache(589) - Looking for @ControllerAdvice: org.springframework.boot.web.servlet.context.AnnotationConfigServletWebServerApplicationContext@fcb4004: startup date [Thu Aug 24 09:33:19 CST 2023]; root of context hierarchy
2023-08-24 09:33:31.226 - [] - [main] INFO  o.s.jmx.export.annotation.AnnotationMBeanExporter.afterSingletonsInstantiated(433) - Registering beans for JMX exposure on startup
2023-08-24 09:33:31.228 - [] - [main] INFO  o.s.jmx.export.annotation.AnnotationMBeanExporter.autodetect(895) - Bean with name 'dataSource' has been autodetected for JMX exposure
2023-08-24 09:33:31.238 - [] - [main] INFO  o.s.jmx.export.annotation.AnnotationMBeanExporter.registerBeanInstance(668) - Located MBean 'dataSource': registering with JMX server as MBean [com.alibaba.druid.pool:name=dataSource,type=DruidDataSource]
2023-08-24 09:33:31.244 - [] - [main] INFO  o.s.context.support.DefaultLifecycleProcessor.start(356) - Starting beans in phase 2147483647
2023-08-24 09:33:31.245 - [] - [main] INFO  s.d.s.web.plugins.DocumentationPluginsBootstrapper.start(160) - Context refreshed
2023-08-24 09:33:31.282 - [] - [main] INFO  s.d.s.web.plugins.DocumentationPluginsBootstrapper.start(163) - Found 1 custom documentation plugin(s)
2023-08-24 09:33:31.349 - [] - [main] INFO  s.d.spring.web.scanners.ApiListingReferenceScanner.scan(41) - Scanning for api listing references
2023-08-24 09:33:31.826 - [] - [main] INFO  org.apache.coyote.http11.Http11NioProtocol.log(180) - Starting ProtocolHandler ["http-nio-8080"]
2023-08-24 09:33:31.841 - [] - [main] INFO  org.apache.tomcat.util.net.NioSelectorPool.log(180) - Using a shared selector for servlet write/read
2023-08-24 09:33:31.866 - [] - [main] INFO  o.s.boot.web.embedded.tomcat.TomcatWebServer.start(206) - Tomcat started on port(s): 8080 (http) with context path '/its-form-designer'
2023-08-24 09:33:31.873 - [] - [main] INFO  cn.hsa.its.ItsFormDesignerApplication.logStarted(59) - Started ItsFormDesignerApplication in 13.515 seconds (JVM running for 15.494)
2023-08-24 09:34:32.299 - [] - [http-nio-8080-exec-1] INFO  o.a.c.c.C.[.[localhost].[/its-form-designer].log(180) - Initializing Spring FrameworkServlet 'dispatcherServlet'
2023-08-24 09:34:32.300 - [] - [http-nio-8080-exec-1] INFO  org.springframework.web.servlet.DispatcherServlet.initServletBean(497) - FrameworkServlet 'dispatcherServlet': initialization started
2023-08-24 09:34:32.327 - [] - [http-nio-8080-exec-1] INFO  org.springframework.web.servlet.DispatcherServlet.initServletBean(512) - FrameworkServlet 'dispatcherServlet': initialization completed in 27 ms
2023-08-24 09:34:41.922 - [] - [http-nio-8080-exec-1] DEBUG c.h.its.form.dao.FormConfigDAO.getFormConfigByCode.debug(143) - ==>  Preparing: SELECT t.rid, t.form_id, t.form_code, t.form_name, t.form_desc, t.form_col, t.ttl_wid, t.tmpl_flag, t.vali_flag, t.insu_admdvs, t.admdvs, t.poolarea_no, t.crter_id, t.crter_name, t.crte_optins_no, t.crte_time, t.opter_id, t.opter_name, t.optins_no, t.opt_time, t.updt_time, t.form_get_inter, t.form_save_inter, t.form_apply_inter from form_cfg_b t where t.form_code = ? and t.vali_flag = '1' 
2023-08-24 09:34:42.506 - [] - [http-nio-8080-exec-1] DEBUG c.h.its.form.dao.FormConfigDAO.getFormConfigByCode.debug(143) - ==> Parameters: Activity02(String)
2023-08-24 09:34:42.706 - [] - [http-nio-8080-exec-1] DEBUG c.h.its.form.dao.FormConfigDAO.getFormConfigByCode.debug(143) - <==      Total: 0
2023-08-24 09:36:46.019 - [] - [Thread-15] INFO  o.s.b.w.s.c.AnnotationConfigServletWebServerApplicationContext.doClose(1006) - Closing org.springframework.boot.web.servlet.context.AnnotationConfigServletWebServerApplicationContext@fcb4004: startup date [Thu Aug 24 09:33:19 CST 2023]; root of context hierarchy
2023-08-24 09:36:46.020 - [] - [http-nio-8080-exec-1] INFO  io.lettuce.core.EpollProvider.<clinit>(68) - Starting without optional epoll library
2023-08-24 09:36:46.022 - [] - [Thread-15] INFO  o.s.context.support.DefaultLifecycleProcessor.stop(369) - Stopping beans in phase 2147483647
2023-08-24 09:36:46.024 - [] - [http-nio-8080-exec-1] INFO  io.lettuce.core.KqueueProvider.<clinit>(70) - Starting without optional kqueue library
2023-08-24 09:36:46.024 - [] - [Thread-15] INFO  o.s.jmx.export.annotation.AnnotationMBeanExporter.destroy(451) - Unregistering JMX-exposed beans on shutdown
2023-08-24 09:36:46.025 - [] - [Thread-15] INFO  o.s.jmx.export.annotation.AnnotationMBeanExporter.unregisterBeans(185) - Unregistering JMX-exposed beans
2023-08-24 09:36:46.027 - [] - [Thread-15] INFO  com.alibaba.druid.pool.DruidDataSource.close(1948) - {dataSource-1} closing ...
2023-08-24 09:36:46.028 - [] - [Thread-15] INFO  com.alibaba.druid.pool.DruidDataSource.close(2020) - {dataSource-1} closed
2023-08-24 10:34:34.010 - [] - [main] INFO  cn.hsa.its.ItsFormDesignerApplication.logStarting(50) - Starting ItsFormDesignerApplication on windows电脑 with PID 3680 (C:\Users\powersi\Desktop\its-form-designer-develop\hsa-main-generic\target\classes started by powersi in C:\Users\powersi\Desktop\its-form-designer-develop)
2023-08-24 10:34:34.014 - [] - [main] DEBUG cn.hsa.its.ItsFormDesignerApplication.logStarting(53) - Running with Spring Boot v2.0.9.RELEASE, Spring v5.0.13.RELEASE
2023-08-24 10:34:34.016 - [] - [main] INFO  cn.hsa.its.ItsFormDesignerApplication.logStartupProfileInfo(658) - The following profiles are active: local
2023-08-24 10:34:34.079 - [] - [main] INFO  o.s.b.w.s.c.AnnotationConfigServletWebServerApplicationContext.prepareRefresh(592) - Refreshing org.springframework.boot.web.servlet.context.AnnotationConfigServletWebServerApplicationContext@576f63f6: startup date [Thu Aug 24 10:34:34 CST 2023]; root of context hierarchy
2023-08-24 10:34:34.961 - [] - [main] INFO  o.s.beans.factory.xml.XmlBeanDefinitionReader.loadBeanDefinitions(317) - Loading XML bean definitions from URL [file:/C:/Users/powersi/Desktop/its-form-designer-develop/hsa-main-generic/target/classes/config/spring.xml]
2023-08-24 10:34:35.048 - [] - [main] INFO  o.s.beans.factory.xml.XmlBeanDefinitionReader.loadBeanDefinitions(317) - Loading XML bean definitions from class path resource [config/db/db.xml]
2023-08-24 10:34:35.263 - [] - [main] INFO  o.s.d.r.config.RepositoryConfigurationDelegate.multipleStoresDetected(172) - Multiple Spring Data modules found, entering strict repository configuration mode!
2023-08-24 10:34:35.346 - [] - [main] INFO  o.s.b.factory.support.DefaultListableBeanFactory.registerBeanDefinition(824) - Overriding bean definition for bean 'org.springframework.transaction.config.internalTransactionAdvisor' with a different definition: replacing [Root bean: class [org.springframework.transaction.interceptor.BeanFactoryTransactionAttributeSourceAdvisor]; scope=; abstract=false; lazyInit=false; autowireMode=0; dependencyCheck=0; autowireCandidate=true; primary=false; factoryBeanName=null; factoryMethodName=null; initMethodName=null; destroyMethodName=null] with [Root bean: class [null]; scope=; abstract=false; lazyInit=false; autowireMode=3; dependencyCheck=0; autowireCandidate=true; primary=false; factoryBeanName=org.springframework.transaction.annotation.ProxyTransactionManagementConfiguration; factoryMethodName=transactionAdvisor; initMethodName=null; destroyMethodName=(inferred); defined in class path resource [org/springframework/transaction/annotation/ProxyTransactionManagementConfiguration.class]]
2023-08-24 10:34:35.348 - [] - [main] INFO  o.s.c.a.ConfigurationClassBeanDefinitionReader.isOverriddenByExistingDefinition(307) - Skipping bean definition for [BeanMethod:name=transactionalEventListenerFactory,declaringClass=org.springframework.transaction.annotation.AbstractTransactionManagementConfiguration]: a definition for bean 'org.springframework.transaction.config.internalTransactionalEventListenerFactory' already exists. This top-level bean definition is considered as an override.
2023-08-24 10:34:35.736 - [] - [main] INFO  o.s.c.s.PostProcessorRegistrationDelegate$BeanPostProcessorChecker.postProcessAfterInitialization(326) - Bean 'org.springframework.aop.support.DefaultBeanFactoryPointcutAdvisor#0' of type [org.springframework.aop.support.DefaultBeanFactoryPointcutAdvisor] is not eligible for getting processed by all BeanPostProcessors (for example: not eligible for auto-proxying)
2023-08-24 10:34:35.756 - [] - [main] INFO  o.s.c.s.PostProcessorRegistrationDelegate$BeanPostProcessorChecker.postProcessAfterInitialization(326) - Bean 'org.springframework.transaction.annotation.ProxyTransactionManagementConfiguration' of type [org.springframework.transaction.annotation.ProxyTransactionManagementConfiguration$$EnhancerBySpringCGLIB$$92a32538] is not eligible for getting processed by all BeanPostProcessors (for example: not eligible for auto-proxying)
2023-08-24 10:34:36.307 - [] - [main] INFO  o.s.boot.web.embedded.tomcat.TomcatWebServer.initialize(91) - Tomcat initialized with port(s): 8080 (http)
2023-08-24 10:34:36.320 - [] - [main] INFO  org.apache.coyote.http11.Http11NioProtocol.log(180) - Initializing ProtocolHandler ["http-nio-8080"]
2023-08-24 10:34:36.334 - [] - [main] INFO  org.apache.catalina.core.StandardService.log(180) - Starting service [Tomcat]
2023-08-24 10:34:36.334 - [] - [main] INFO  org.apache.catalina.core.StandardEngine.log(180) - Starting Servlet Engine: Apache Tomcat/8.5.39
2023-08-24 10:34:36.337 - [] - [localhost-startStop-1] INFO  org.apache.catalina.core.AprLifecycleListener.log(180) - Loaded APR based Apache Tomcat Native library [1.2.35] using APR version [1.7.0].
2023-08-24 10:34:36.339 - [] - [localhost-startStop-1] INFO  org.apache.catalina.core.AprLifecycleListener.log(180) - APR capabilities: IPv6 [true], sendfile [true], accept filters [false], random [true].
2023-08-24 10:34:36.339 - [] - [localhost-startStop-1] INFO  org.apache.catalina.core.AprLifecycleListener.log(180) - APR/OpenSSL configuration: useAprConnector [false], useOpenSSL [true]
2023-08-24 10:34:36.350 - [] - [localhost-startStop-1] INFO  org.apache.catalina.core.AprLifecycleListener.log(180) - OpenSSL successfully initialized [OpenSSL 1.1.1q  5 Jul 2022]
2023-08-24 10:34:36.451 - [] - [localhost-startStop-1] INFO  o.a.c.c.C.[.[localhost].[/its-form-designer].log(180) - Initializing Spring embedded WebApplicationContext
2023-08-24 10:34:36.451 - [] - [localhost-startStop-1] INFO  org.springframework.web.context.ContextLoader.prepareWebApplicationContext(296) - Root WebApplicationContext: initialization completed in 2372 ms
2023-08-24 10:34:36.483 - [] - [localhost-startStop-1] INFO  o.s.boot.web.servlet.ServletRegistrationBean.addRegistration(187) - Servlet dispatcherServlet mapped to [/]
2023-08-24 10:34:36.488 - [] - [localhost-startStop-1] INFO  o.s.boot.web.servlet.FilterRegistrationBean.configure(245) - Mapping filter: 'characterEncodingFilter' to: [/*]
2023-08-24 10:34:36.793 - [] - [main] WARN  com.alibaba.druid.pool.DruidAbstractDataSource.setDriverClassName(1214) - oracle.jdbc.driver.OracleDriver is deprecated.Having use oracle.jdbc.OracleDriver.
2023-08-24 10:34:37.325 - [] - [main] INFO  com.alibaba.druid.pool.DruidDataSource.init(1003) - {dataSource-1} inited
2023-08-24 10:34:39.188 - [] - [main] INFO  o.s.w.s.m.m.a.RequestMappingHandlerMapping.register(550) - Mapped "{[/web/its/form/componentConfig/saveComponentConfig],methods=[POST]}" onto public cn.hsa.its.form.dto.WrapperResponse<java.lang.Integer> cn.hsa.its.form.controller.ComponentConfigController.saveComponentConfig(cn.hsa.its.form.dto.ComponentConfigDTO)
2023-08-24 10:34:39.191 - [] - [main] INFO  o.s.w.s.m.m.a.RequestMappingHandlerMapping.register(550) - Mapped "{[/web/its/form/componentConfig/deleteComponentConfig],methods=[POST]}" onto public cn.hsa.its.form.dto.WrapperResponse<java.lang.Integer> cn.hsa.its.form.controller.ComponentConfigController.deleteComponentConfig(cn.hsa.its.form.dto.ComponentConfigParamDTO)
2023-08-24 10:34:39.191 - [] - [main] INFO  o.s.w.s.m.m.a.RequestMappingHandlerMapping.register(550) - Mapped "{[/web/its/form/componentConfig/listComponentConfig],methods=[POST]}" onto public cn.hsa.its.form.dto.WrapperResponse<cn.hsa.its.form.dto.PageResultData<cn.hsa.its.form.dto.ComponentConfigDTO>> cn.hsa.its.form.controller.ComponentConfigController.listComponentConfig(cn.hsa.its.form.dto.ComponentConfigParamDTO)
2023-08-24 10:34:39.191 - [] - [main] INFO  o.s.w.s.m.m.a.RequestMappingHandlerMapping.register(550) - Mapped "{[/web/its/form/componentConfig/getComponentConfig],methods=[POST]}" onto public cn.hsa.its.form.dto.WrapperResponse<cn.hsa.its.form.dto.ComponentConfigDTO> cn.hsa.its.form.controller.ComponentConfigController.getComponentConfig(cn.hsa.its.form.dto.ComponentConfigParamDTO)
2023-08-24 10:34:39.193 - [] - [main] INFO  o.s.w.s.m.m.a.RequestMappingHandlerMapping.register(550) - Mapped "{[/web/its/form/fieldConfig/deleteFieldConfig],methods=[POST]}" onto public cn.hsa.its.form.dto.WrapperResponse<java.lang.Integer> cn.hsa.its.form.controller.FieldConfigController.deleteFieldConfig(cn.hsa.its.form.dto.FieldConfigParamDTO)
2023-08-24 10:34:39.194 - [] - [main] INFO  o.s.w.s.m.m.a.RequestMappingHandlerMapping.register(550) - Mapped "{[/web/its/form/fieldConfig/listFieldConfig],methods=[POST]}" onto public cn.hsa.its.form.dto.WrapperResponse<cn.hsa.its.form.dto.PageResultData<cn.hsa.its.form.dto.FieldConfigDTO>> cn.hsa.its.form.controller.FieldConfigController.listFieldConfig(cn.hsa.its.form.dto.FieldConfigParamDTO)
2023-08-24 10:34:39.194 - [] - [main] INFO  o.s.w.s.m.m.a.RequestMappingHandlerMapping.register(550) - Mapped "{[/web/its/form/fieldConfig/getFieldDict],methods=[GET]}" onto public cn.hsa.its.form.dto.WrapperResponse<java.util.List<cn.hsa.its.form.dto.CodeTableDTO>> cn.hsa.its.form.controller.FieldConfigController.getFieldDict()
2023-08-24 10:34:39.195 - [] - [main] INFO  o.s.w.s.m.m.a.RequestMappingHandlerMapping.register(550) - Mapped "{[/web/its/form/fieldConfig/saveFieldConfig],methods=[POST]}" onto public cn.hsa.its.form.dto.WrapperResponse<java.lang.Integer> cn.hsa.its.form.controller.FieldConfigController.saveFieldConfig(cn.hsa.its.form.dto.FieldConfigDTO)
2023-08-24 10:34:39.195 - [] - [main] INFO  o.s.w.s.m.m.a.RequestMappingHandlerMapping.register(550) - Mapped "{[/web/its/form/fieldConfig/getFieldConfig],methods=[POST]}" onto public cn.hsa.its.form.dto.WrapperResponse<cn.hsa.its.form.dto.FieldConfigDTO> cn.hsa.its.form.controller.FieldConfigController.getFieldConfig(cn.hsa.its.form.dto.FieldConfigParamDTO)
2023-08-24 10:34:39.196 - [] - [main] INFO  o.s.w.s.m.m.a.RequestMappingHandlerMapping.register(550) - Mapped "{[/web/its/form/formConfig/getFormConfigByCode],methods=[POST]}" onto public cn.hsa.its.form.dto.WrapperResponse<cn.hsa.its.form.dto.FormConfigDTO> cn.hsa.its.form.controller.FormConfigController.getFormConfigByCode(cn.hsa.its.form.dto.FormConfigParamDTO)
2023-08-24 10:34:39.196 - [] - [main] INFO  o.s.w.s.m.m.a.RequestMappingHandlerMapping.register(550) - Mapped "{[/web/its/form/formConfig/deleteFormConfig],methods=[POST]}" onto public cn.hsa.its.form.dto.WrapperResponse<java.lang.Integer> cn.hsa.its.form.controller.FormConfigController.deleteFormConfig(cn.hsa.its.form.dto.FormConfigParamDTO)
2023-08-24 10:34:39.196 - [] - [main] INFO  o.s.w.s.m.m.a.RequestMappingHandlerMapping.register(550) - Mapped "{[/web/its/form/formConfig/listFormConfig],methods=[POST]}" onto public cn.hsa.its.form.dto.WrapperResponse<cn.hsa.its.form.dto.PageResultData<cn.hsa.its.form.dto.FormConfigDTO>> cn.hsa.its.form.controller.FormConfigController.listFormConfig(cn.hsa.its.form.dto.FormConfigParamDTO)
2023-08-24 10:34:39.196 - [] - [main] INFO  o.s.w.s.m.m.a.RequestMappingHandlerMapping.register(550) - Mapped "{[/web/its/form/formConfig/getFormConfig],methods=[POST]}" onto public cn.hsa.its.form.dto.WrapperResponse<cn.hsa.its.form.dto.FormConfigDTO> cn.hsa.its.form.controller.FormConfigController.getFormConfig(cn.hsa.its.form.dto.FormConfigParamDTO)
2023-08-24 10:34:39.197 - [] - [main] INFO  o.s.w.s.m.m.a.RequestMappingHandlerMapping.register(550) - Mapped "{[/web/its/form/formConfig/saveFormConfig],methods=[POST]}" onto public cn.hsa.its.form.dto.WrapperResponse<java.lang.Integer> cn.hsa.its.form.controller.FormConfigController.saveFormConfig(cn.hsa.its.form.dto.FormConfigDTO)
2023-08-24 10:34:39.199 - [] - [main] INFO  o.s.w.s.m.m.a.RequestMappingHandlerMapping.register(550) - Mapped "{[/web/its/form/formInstance/deleteFormInstance],methods=[POST]}" onto public cn.hsa.its.form.dto.WrapperResponse<java.lang.Integer> cn.hsa.its.form.controller.FormInstanceController.deleteFormInstance(cn.hsa.its.form.dto.FormInstanceDTO)
2023-08-24 10:34:39.200 - [] - [main] INFO  o.s.w.s.m.m.a.RequestMappingHandlerMapping.register(550) - Mapped "{[/web/its/form/formInstance/saveFormInstance],methods=[POST]}" onto public cn.hsa.its.form.dto.WrapperResponse<java.lang.String> cn.hsa.its.form.controller.FormInstanceController.saveFormInstance(cn.hsa.its.form.dto.FormInstanceDTO)
2023-08-24 10:34:39.200 - [] - [main] INFO  o.s.w.s.m.m.a.RequestMappingHandlerMapping.register(550) - Mapped "{[/web/its/form/formInstance/listFormInstance],methods=[POST]}" onto public cn.hsa.its.form.dto.WrapperResponse<cn.hsa.its.form.dto.PageResultData<cn.hsa.its.form.dto.FormInstanceDTO>> cn.hsa.its.form.controller.FormInstanceController.listFormInstance(cn.hsa.its.form.dto.FormInstanceDTO)
2023-08-24 10:34:39.200 - [] - [main] INFO  o.s.w.s.m.m.a.RequestMappingHandlerMapping.register(550) - Mapped "{[/web/its/form/formInstance/getFormInstance],methods=[POST]}" onto public cn.hsa.its.form.dto.WrapperResponse<cn.hsa.its.form.dto.FormInstanceDTO> cn.hsa.its.form.controller.FormInstanceController.getFormInstance(cn.hsa.its.form.dto.FormInstanceDTO)
2023-08-24 10:34:39.203 - [] - [main] INFO  o.s.w.s.m.m.a.RequestMappingHandlerMapping.register(550) - Mapped "{[/swagger-resources/configuration/security]}" onto public org.springframework.http.ResponseEntity<springfox.documentation.swagger.web.SecurityConfiguration> springfox.documentation.swagger.web.ApiResourceController.securityConfiguration()
2023-08-24 10:34:39.204 - [] - [main] INFO  o.s.w.s.m.m.a.RequestMappingHandlerMapping.register(550) - Mapped "{[/swagger-resources]}" onto public org.springframework.http.ResponseEntity<java.util.List<springfox.documentation.swagger.web.SwaggerResource>> springfox.documentation.swagger.web.ApiResourceController.swaggerResources()
2023-08-24 10:34:39.205 - [] - [main] INFO  o.s.w.s.m.m.a.RequestMappingHandlerMapping.register(550) - Mapped "{[/swagger-resources/configuration/ui]}" onto public org.springframework.http.ResponseEntity<springfox.documentation.swagger.web.UiConfiguration> springfox.documentation.swagger.web.ApiResourceController.uiConfiguration()
2023-08-24 10:34:39.206 - [] - [main] INFO  o.s.w.s.m.m.a.RequestMappingHandlerMapping.register(550) - Mapped "{[/error]}" onto public org.springframework.http.ResponseEntity<java.util.Map<java.lang.String, java.lang.Object>> org.springframework.boot.autoconfigure.web.servlet.error.BasicErrorController.error(javax.servlet.http.HttpServletRequest)
2023-08-24 10:34:39.208 - [] - [main] INFO  o.s.w.s.m.m.a.RequestMappingHandlerMapping.register(550) - Mapped "{[/error],produces=[text/html]}" onto public org.springframework.web.servlet.ModelAndView org.springframework.boot.autoconfigure.web.servlet.error.BasicErrorController.errorHtml(javax.servlet.http.HttpServletRequest,javax.servlet.http.HttpServletResponse)
2023-08-24 10:34:39.356 - [] - [main] INFO  s.d.s.w.PropertySourcedRequestMappingHandlerMapping.initHandlerMethods(69) - Mapped URL path [/v2/api-docs] onto method [public org.springframework.http.ResponseEntity<springfox.documentation.spring.web.json.Json> springfox.documentation.swagger2.web.Swagger2Controller.getDocumentation(java.lang.String,javax.servlet.http.HttpServletRequest)]
2023-08-24 10:34:39.407 - [] - [main] INFO  o.s.web.servlet.handler.SimpleUrlHandlerMapping.registerHandler(372) - Mapped URL path [/swagger-ui.html] onto handler of type [class org.springframework.web.servlet.resource.ResourceHttpRequestHandler]
2023-08-24 10:34:39.407 - [] - [main] INFO  o.s.web.servlet.handler.SimpleUrlHandlerMapping.registerHandler(372) - Mapped URL path [/webjars/**] onto handler of type [class org.springframework.web.servlet.resource.ResourceHttpRequestHandler]
2023-08-24 10:34:39.478 - [] - [main] INFO  o.s.w.s.m.m.a.RequestMappingHandlerAdapter.initControllerAdviceCache(589) - Looking for @ControllerAdvice: org.springframework.boot.web.servlet.context.AnnotationConfigServletWebServerApplicationContext@576f63f6: startup date [Thu Aug 24 10:34:34 CST 2023]; root of context hierarchy
2023-08-24 10:34:40.125 - [] - [main] INFO  o.s.jmx.export.annotation.AnnotationMBeanExporter.afterSingletonsInstantiated(433) - Registering beans for JMX exposure on startup
2023-08-24 10:34:40.126 - [] - [main] INFO  o.s.jmx.export.annotation.AnnotationMBeanExporter.autodetect(895) - Bean with name 'dataSource' has been autodetected for JMX exposure
2023-08-24 10:34:40.132 - [] - [main] INFO  o.s.jmx.export.annotation.AnnotationMBeanExporter.registerBeanInstance(668) - Located MBean 'dataSource': registering with JMX server as MBean [com.alibaba.druid.pool:name=dataSource,type=DruidDataSource]
2023-08-24 10:34:40.136 - [] - [main] INFO  o.s.context.support.DefaultLifecycleProcessor.start(356) - Starting beans in phase 2147483647
2023-08-24 10:34:40.137 - [] - [main] INFO  s.d.s.web.plugins.DocumentationPluginsBootstrapper.start(160) - Context refreshed
2023-08-24 10:34:40.158 - [] - [main] INFO  s.d.s.web.plugins.DocumentationPluginsBootstrapper.start(163) - Found 1 custom documentation plugin(s)
2023-08-24 10:34:40.196 - [] - [main] INFO  s.d.spring.web.scanners.ApiListingReferenceScanner.scan(41) - Scanning for api listing references
2023-08-24 10:34:40.437 - [] - [main] INFO  org.apache.coyote.http11.Http11NioProtocol.log(180) - Starting ProtocolHandler ["http-nio-8080"]
2023-08-24 10:34:40.445 - [] - [main] INFO  org.apache.tomcat.util.net.NioSelectorPool.log(180) - Using a shared selector for servlet write/read
2023-08-24 10:34:40.462 - [] - [main] INFO  o.s.boot.web.embedded.tomcat.TomcatWebServer.start(206) - Tomcat started on port(s): 8080 (http) with context path '/its-form-designer'
2023-08-24 10:34:40.466 - [] - [main] INFO  cn.hsa.its.ItsFormDesignerApplication.logStarted(59) - Started ItsFormDesignerApplication in 7.363 seconds (JVM running for 9.115)
2023-08-24 10:35:06.891 - [] - [http-nio-8080-exec-1] INFO  o.a.c.c.C.[.[localhost].[/its-form-designer].log(180) - Initializing Spring FrameworkServlet 'dispatcherServlet'
2023-08-24 10:35:06.892 - [] - [http-nio-8080-exec-1] INFO  org.springframework.web.servlet.DispatcherServlet.initServletBean(497) - FrameworkServlet 'dispatcherServlet': initialization started
2023-08-24 10:35:06.914 - [] - [http-nio-8080-exec-1] INFO  org.springframework.web.servlet.DispatcherServlet.initServletBean(512) - FrameworkServlet 'dispatcherServlet': initialization completed in 22 ms
2023-08-24 10:35:07.021 - [] - [http-nio-8080-exec-5] WARN  org.springframework.web.servlet.PageNotFound.noHandlerFound(1205) - No mapping found for HTTP request with URI [/its-form-designer/] in DispatcherServlet with name 'dispatcherServlet'
2023-08-24 10:35:07.046 - [] - [http-nio-8080-exec-6] WARN  org.springframework.web.servlet.PageNotFound.noHandlerFound(1205) - No mapping found for HTTP request with URI [/its-form-designer/csrf] in DispatcherServlet with name 'dispatcherServlet'
2023-08-24 10:35:48.293 - [] - [http-nio-8080-exec-10] DEBUG c.h.i.form.dao.FormConfigDAO.listFormConfig_COUNT.debug(143) - ==>  Preparing: SELECT count(0) FROM form_cfg_b t WHERE t.vali_flag = '1' 
2023-08-24 10:35:48.354 - [] - [http-nio-8080-exec-10] DEBUG c.h.i.form.dao.FormConfigDAO.listFormConfig_COUNT.debug(143) - ==> Parameters: 
2023-08-24 10:35:48.382 - [] - [http-nio-8080-exec-10] DEBUG c.h.i.form.dao.FormConfigDAO.listFormConfig_COUNT.debug(143) - <==      Total: 1
2023-08-24 10:35:48.385 - [] - [http-nio-8080-exec-10] DEBUG cn.hsa.its.form.dao.FormConfigDAO.listFormConfig.debug(143) - ==>  Preparing: SELECT * FROM ( SELECT TMP_PAGE.*, ROWNUM ROW_ID FROM ( SELECT t.rid, t.form_id, t.form_code, t.form_name, t.form_desc, t.form_col, t.ttl_wid, t.tmpl_flag, t.vali_flag, t.insu_admdvs, t.admdvs, t.poolarea_no, t.crter_id, t.crter_name, t.crte_optins_no, t.crte_time, t.opter_id, t.opter_name, t.optins_no, t.opt_time, t.updt_time, t.form_get_inter, t.form_save_inter, t.form_apply_inter from form_cfg_b t WHERE t.vali_flag = '1' order by t.crte_time desc ) TMP_PAGE) WHERE ROW_ID <= ? AND ROW_ID > ? 
2023-08-24 10:35:48.392 - [] - [http-nio-8080-exec-10] DEBUG cn.hsa.its.form.dao.FormConfigDAO.listFormConfig.debug(143) - ==> Parameters: 10(Integer), 0(Integer)
2023-08-24 10:35:48.459 - [] - [http-nio-8080-exec-10] DEBUG cn.hsa.its.form.dao.FormConfigDAO.listFormConfig.debug(143) - <==      Total: 4
2023-08-24 10:35:48.462 - [] - [http-nio-8080-exec-10] DEBUG c.h.i.f.dao.FormConfigParaDAO.listFormConfigPara.debug(143) - ==>  Preparing: SELECT t.rid, t.para_id, t.form_id, t.para_seq, t.para_name, t.paraval, t.vali_flag, t.insu_admdvs, t.admdvs, t.poolarea_no, t.crter_id, t.crter_name, t.crte_optins_no, t.crte_time from form_cfg_para_b t WHERE t.vali_flag = '1' and t.form_id = ? order by t.para_seq asc 
2023-08-24 10:35:48.463 - [] - [http-nio-8080-exec-10] DEBUG c.h.i.f.dao.FormConfigParaDAO.listFormConfigPara.debug(143) - ==> Parameters: 202308241(String)
2023-08-24 10:35:48.544 - [] - [http-nio-8080-exec-10] DEBUG c.h.i.f.dao.FormConfigParaDAO.listFormConfigPara.debug(143) - <==      Total: 2
2023-08-24 10:35:48.547 - [] - [http-nio-8080-exec-10] DEBUG c.h.i.f.dao.FormConfigParaDAO.listFormConfigPara.debug(143) - ==>  Preparing: SELECT t.rid, t.para_id, t.form_id, t.para_seq, t.para_name, t.paraval, t.vali_flag, t.insu_admdvs, t.admdvs, t.poolarea_no, t.crter_id, t.crter_name, t.crte_optins_no, t.crte_time from form_cfg_para_b t WHERE t.vali_flag = '1' and t.form_id = ? order by t.para_seq asc 
2023-08-24 10:35:48.548 - [] - [http-nio-8080-exec-10] DEBUG c.h.i.f.dao.FormConfigParaDAO.listFormConfigPara.debug(143) - ==> Parameters: 2022112312(String)
2023-08-24 10:35:48.569 - [] - [http-nio-8080-exec-10] DEBUG c.h.i.f.dao.FormConfigParaDAO.listFormConfigPara.debug(143) - <==      Total: 2
2023-08-24 10:35:48.570 - [] - [http-nio-8080-exec-10] DEBUG c.h.i.f.dao.FormConfigParaDAO.listFormConfigPara.debug(143) - ==>  Preparing: SELECT t.rid, t.para_id, t.form_id, t.para_seq, t.para_name, t.paraval, t.vali_flag, t.insu_admdvs, t.admdvs, t.poolarea_no, t.crter_id, t.crter_name, t.crte_optins_no, t.crte_time from form_cfg_para_b t WHERE t.vali_flag = '1' and t.form_id = ? order by t.para_seq asc 
2023-08-24 10:35:48.570 - [] - [http-nio-8080-exec-10] DEBUG c.h.i.f.dao.FormConfigParaDAO.listFormConfigPara.debug(143) - ==> Parameters: 2022032311(String)
2023-08-24 10:35:48.577 - [] - [http-nio-8080-exec-10] DEBUG c.h.i.f.dao.FormConfigParaDAO.listFormConfigPara.debug(143) - <==      Total: 1
2023-08-24 10:35:48.578 - [] - [http-nio-8080-exec-10] DEBUG c.h.i.f.dao.FormConfigParaDAO.listFormConfigPara.debug(143) - ==>  Preparing: SELECT t.rid, t.para_id, t.form_id, t.para_seq, t.para_name, t.paraval, t.vali_flag, t.insu_admdvs, t.admdvs, t.poolarea_no, t.crter_id, t.crter_name, t.crte_optins_no, t.crte_time from form_cfg_para_b t WHERE t.vali_flag = '1' and t.form_id = ? order by t.para_seq asc 
2023-08-24 10:35:48.578 - [] - [http-nio-8080-exec-10] DEBUG c.h.i.f.dao.FormConfigParaDAO.listFormConfigPara.debug(143) - ==> Parameters: 2022031010(String)
2023-08-24 10:35:48.587 - [] - [http-nio-8080-exec-10] DEBUG c.h.i.f.dao.FormConfigParaDAO.listFormConfigPara.debug(143) - <==      Total: 2
2023-08-24 10:36:42.182 - [] - [http-nio-8080-exec-2] DEBUG c.h.i.form.dao.FormConfigDAO.listFormConfig_COUNT.debug(143) - ==>  Preparing: SELECT count(0) FROM form_cfg_b t WHERE t.vali_flag = '1' 
2023-08-24 10:36:42.183 - [] - [http-nio-8080-exec-2] DEBUG c.h.i.form.dao.FormConfigDAO.listFormConfig_COUNT.debug(143) - ==> Parameters: 
2023-08-24 10:36:42.211 - [] - [http-nio-8080-exec-2] DEBUG c.h.i.form.dao.FormConfigDAO.listFormConfig_COUNT.debug(143) - <==      Total: 1
2023-08-24 10:36:42.211 - [] - [http-nio-8080-exec-2] DEBUG cn.hsa.its.form.dao.FormConfigDAO.listFormConfig.debug(143) - ==>  Preparing: SELECT * FROM ( SELECT TMP_PAGE.*, ROWNUM ROW_ID FROM ( SELECT t.rid, t.form_id, t.form_code, t.form_name, t.form_desc, t.form_col, t.ttl_wid, t.tmpl_flag, t.vali_flag, t.insu_admdvs, t.admdvs, t.poolarea_no, t.crter_id, t.crter_name, t.crte_optins_no, t.crte_time, t.opter_id, t.opter_name, t.optins_no, t.opt_time, t.updt_time, t.form_get_inter, t.form_save_inter, t.form_apply_inter from form_cfg_b t WHERE t.vali_flag = '1' order by t.crte_time desc ) TMP_PAGE) WHERE ROW_ID <= ? AND ROW_ID > ? 
2023-08-24 10:36:42.212 - [] - [http-nio-8080-exec-2] DEBUG cn.hsa.its.form.dao.FormConfigDAO.listFormConfig.debug(143) - ==> Parameters: 10(Integer), 0(Integer)
2023-08-24 10:36:42.223 - [] - [http-nio-8080-exec-2] DEBUG cn.hsa.its.form.dao.FormConfigDAO.listFormConfig.debug(143) - <==      Total: 4
2023-08-24 10:36:59.103 - [] - [http-nio-8080-exec-2] DEBUG c.h.i.f.dao.FormConfigParaDAO.listFormConfigPara.debug(143) - ==>  Preparing: SELECT t.rid, t.para_id, t.form_id, t.para_seq, t.para_name, t.paraval, t.vali_flag, t.insu_admdvs, t.admdvs, t.poolarea_no, t.crter_id, t.crter_name, t.crte_optins_no, t.crte_time from form_cfg_para_b t WHERE t.vali_flag = '1' and t.form_id = ? order by t.para_seq asc 
2023-08-24 10:36:59.105 - [] - [http-nio-8080-exec-2] DEBUG c.h.i.f.dao.FormConfigParaDAO.listFormConfigPara.debug(143) - ==> Parameters: 202308241(String)
2023-08-24 10:36:59.135 - [] - [http-nio-8080-exec-2] DEBUG c.h.i.f.dao.FormConfigParaDAO.listFormConfigPara.debug(143) - <==      Total: 2
2023-08-24 10:36:59.137 - [] - [http-nio-8080-exec-2] DEBUG c.h.i.f.dao.FormConfigParaDAO.listFormConfigPara.debug(143) - ==>  Preparing: SELECT t.rid, t.para_id, t.form_id, t.para_seq, t.para_name, t.paraval, t.vali_flag, t.insu_admdvs, t.admdvs, t.poolarea_no, t.crter_id, t.crter_name, t.crte_optins_no, t.crte_time from form_cfg_para_b t WHERE t.vali_flag = '1' and t.form_id = ? order by t.para_seq asc 
2023-08-24 10:36:59.139 - [] - [http-nio-8080-exec-2] DEBUG c.h.i.f.dao.FormConfigParaDAO.listFormConfigPara.debug(143) - ==> Parameters: 2022112312(String)
2023-08-24 10:36:59.198 - [] - [http-nio-8080-exec-2] DEBUG c.h.i.f.dao.FormConfigParaDAO.listFormConfigPara.debug(143) - <==      Total: 2
2023-08-24 10:36:59.200 - [] - [http-nio-8080-exec-2] DEBUG c.h.i.f.dao.FormConfigParaDAO.listFormConfigPara.debug(143) - ==>  Preparing: SELECT t.rid, t.para_id, t.form_id, t.para_seq, t.para_name, t.paraval, t.vali_flag, t.insu_admdvs, t.admdvs, t.poolarea_no, t.crter_id, t.crter_name, t.crte_optins_no, t.crte_time from form_cfg_para_b t WHERE t.vali_flag = '1' and t.form_id = ? order by t.para_seq asc 
2023-08-24 10:36:59.201 - [] - [http-nio-8080-exec-2] DEBUG c.h.i.f.dao.FormConfigParaDAO.listFormConfigPara.debug(143) - ==> Parameters: 2022032311(String)
2023-08-24 10:36:59.214 - [] - [http-nio-8080-exec-2] DEBUG c.h.i.f.dao.FormConfigParaDAO.listFormConfigPara.debug(143) - <==      Total: 1
2023-08-24 10:36:59.216 - [] - [http-nio-8080-exec-2] DEBUG c.h.i.f.dao.FormConfigParaDAO.listFormConfigPara.debug(143) - ==>  Preparing: SELECT t.rid, t.para_id, t.form_id, t.para_seq, t.para_name, t.paraval, t.vali_flag, t.insu_admdvs, t.admdvs, t.poolarea_no, t.crter_id, t.crter_name, t.crte_optins_no, t.crte_time from form_cfg_para_b t WHERE t.vali_flag = '1' and t.form_id = ? order by t.para_seq asc 
2023-08-24 10:36:59.217 - [] - [http-nio-8080-exec-2] DEBUG c.h.i.f.dao.FormConfigParaDAO.listFormConfigPara.debug(143) - ==> Parameters: 2022031010(String)
2023-08-24 10:36:59.227 - [] - [http-nio-8080-exec-2] DEBUG c.h.i.f.dao.FormConfigParaDAO.listFormConfigPara.debug(143) - <==      Total: 2
2023-08-24 10:47:05.048 - [] - [http-nio-8080-exec-5] DEBUG c.h.i.form.dao.FormConfigDAO.listFormConfig_COUNT.debug(143) - ==>  Preparing: SELECT count(0) FROM form_cfg_b t WHERE t.vali_flag = '1' 
2023-08-24 10:47:05.049 - [] - [http-nio-8080-exec-5] DEBUG c.h.i.form.dao.FormConfigDAO.listFormConfig_COUNT.debug(143) - ==> Parameters: 
2023-08-24 10:47:05.085 - [] - [http-nio-8080-exec-5] DEBUG c.h.i.form.dao.FormConfigDAO.listFormConfig_COUNT.debug(143) - <==      Total: 1
2023-08-24 10:47:05.085 - [] - [http-nio-8080-exec-5] DEBUG cn.hsa.its.form.dao.FormConfigDAO.listFormConfig.debug(143) - ==>  Preparing: SELECT * FROM ( SELECT TMP_PAGE.*, ROWNUM ROW_ID FROM ( SELECT t.rid, t.form_id, t.form_code, t.form_name, t.form_desc, t.form_col, t.ttl_wid, t.tmpl_flag, t.vali_flag, t.insu_admdvs, t.admdvs, t.poolarea_no, t.crter_id, t.crter_name, t.crte_optins_no, t.crte_time, t.opter_id, t.opter_name, t.optins_no, t.opt_time, t.updt_time, t.form_get_inter, t.form_save_inter, t.form_apply_inter from form_cfg_b t WHERE t.vali_flag = '1' order by t.crte_time desc ) TMP_PAGE) WHERE ROW_ID <= ? AND ROW_ID > ? 
2023-08-24 10:47:05.086 - [] - [http-nio-8080-exec-5] DEBUG cn.hsa.its.form.dao.FormConfigDAO.listFormConfig.debug(143) - ==> Parameters: 10(Integer), 0(Integer)
2023-08-24 10:47:05.092 - [] - [http-nio-8080-exec-5] DEBUG cn.hsa.its.form.dao.FormConfigDAO.listFormConfig.debug(143) - <==      Total: 4
2023-08-24 10:47:36.173 - [] - [http-nio-8080-exec-5] DEBUG c.h.i.f.dao.FormConfigParaDAO.listFormConfigPara.debug(143) - ==>  Preparing: SELECT t.rid, t.para_id, t.form_id, t.para_seq, t.para_name, t.paraval, t.vali_flag, t.insu_admdvs, t.admdvs, t.poolarea_no, t.crter_id, t.crter_name, t.crte_optins_no, t.crte_time from form_cfg_para_b t WHERE t.vali_flag = '1' and t.form_id = ? order by t.para_seq asc 
2023-08-24 10:47:36.174 - [] - [http-nio-8080-exec-5] DEBUG c.h.i.f.dao.FormConfigParaDAO.listFormConfigPara.debug(143) - ==> Parameters: 202308241(String)
2023-08-24 10:47:36.268 - [] - [http-nio-8080-exec-5] DEBUG c.h.i.f.dao.FormConfigParaDAO.listFormConfigPara.debug(143) - <==      Total: 2
2023-08-24 10:53:40.438 - [] - [http-nio-8080-exec-5] DEBUG c.h.i.f.dao.FormConfigParaDAO.listFormConfigPara.debug(143) - ==>  Preparing: SELECT t.rid, t.para_id, t.form_id, t.para_seq, t.para_name, t.paraval, t.vali_flag, t.insu_admdvs, t.admdvs, t.poolarea_no, t.crter_id, t.crter_name, t.crte_optins_no, t.crte_time from form_cfg_para_b t WHERE t.vali_flag = '1' and t.form_id = ? order by t.para_seq asc 
2023-08-24 10:53:40.439 - [] - [http-nio-8080-exec-5] DEBUG c.h.i.f.dao.FormConfigParaDAO.listFormConfigPara.debug(143) - ==> Parameters: 2022112312(String)
2023-08-24 10:53:40.461 - [] - [http-nio-8080-exec-5] DEBUG c.h.i.f.dao.FormConfigParaDAO.listFormConfigPara.debug(143) - <==      Total: 2
2023-08-24 10:53:40.463 - [] - [http-nio-8080-exec-5] DEBUG c.h.i.f.dao.FormConfigParaDAO.listFormConfigPara.debug(143) - ==>  Preparing: SELECT t.rid, t.para_id, t.form_id, t.para_seq, t.para_name, t.paraval, t.vali_flag, t.insu_admdvs, t.admdvs, t.poolarea_no, t.crter_id, t.crter_name, t.crte_optins_no, t.crte_time from form_cfg_para_b t WHERE t.vali_flag = '1' and t.form_id = ? order by t.para_seq asc 
2023-08-24 10:53:40.463 - [] - [http-nio-8080-exec-5] DEBUG c.h.i.f.dao.FormConfigParaDAO.listFormConfigPara.debug(143) - ==> Parameters: 2022032311(String)
2023-08-24 10:53:40.471 - [] - [http-nio-8080-exec-5] DEBUG c.h.i.f.dao.FormConfigParaDAO.listFormConfigPara.debug(143) - <==      Total: 1
2023-08-24 10:53:40.471 - [] - [http-nio-8080-exec-5] DEBUG c.h.i.f.dao.FormConfigParaDAO.listFormConfigPara.debug(143) - ==>  Preparing: SELECT t.rid, t.para_id, t.form_id, t.para_seq, t.para_name, t.paraval, t.vali_flag, t.insu_admdvs, t.admdvs, t.poolarea_no, t.crter_id, t.crter_name, t.crte_optins_no, t.crte_time from form_cfg_para_b t WHERE t.vali_flag = '1' and t.form_id = ? order by t.para_seq asc 
2023-08-24 10:53:40.472 - [] - [http-nio-8080-exec-5] DEBUG c.h.i.f.dao.FormConfigParaDAO.listFormConfigPara.debug(143) - ==> Parameters: 2022031010(String)
2023-08-24 10:53:40.490 - [] - [http-nio-8080-exec-5] DEBUG c.h.i.f.dao.FormConfigParaDAO.listFormConfigPara.debug(143) - <==      Total: 2
2023-08-24 11:24:51.373 - [] - [Thread-15] INFO  o.s.b.w.s.c.AnnotationConfigServletWebServerApplicationContext.doClose(1006) - Closing org.springframework.boot.web.servlet.context.AnnotationConfigServletWebServerApplicationContext@576f63f6: startup date [Thu Aug 24 10:34:34 CST 2023]; root of context hierarchy
2023-08-24 11:24:51.376 - [] - [Thread-15] INFO  o.s.context.support.DefaultLifecycleProcessor.stop(369) - Stopping beans in phase 2147483647
2023-08-24 11:24:51.377 - [] - [Thread-15] INFO  o.s.jmx.export.annotation.AnnotationMBeanExporter.destroy(451) - Unregistering JMX-exposed beans on shutdown
2023-08-24 11:24:51.378 - [] - [Thread-15] INFO  o.s.jmx.export.annotation.AnnotationMBeanExporter.unregisterBeans(185) - Unregistering JMX-exposed beans
2023-08-24 11:24:51.379 - [] - [Thread-15] INFO  com.alibaba.druid.pool.DruidDataSource.close(1948) - {dataSource-1} closing ...
2023-08-24 11:24:51.389 - [] - [Thread-15] INFO  com.alibaba.druid.pool.DruidDataSource.close(2020) - {dataSource-1} closed
